[0.078s] Invoking command in '/home/lemmy/robotis_ws/build/dynamixel_sdk_custom_interfaces': CMAKE_PREFIX_PATH=${CMAKE_PREFIX_PATH}:/home/lemmy/ros2_ws/install/my_robot_controller:/opt/ros/humble /usr/bin/cmake /home/lemmy/robotis_ws/src/DynamixelSDK/dynamixel_sdk_custom_interfaces -DAMENT_CMAKE_SYMLINK_INSTALL=1 -DCMAKE_INSTALL_PREFIX=/home/lemmy/robotis_ws/install/dynamixel_sdk_custom_interfaces
[0.400s] -- The C compiler identification is GNU 11.4.0
[0.701s] -- The CXX compiler identification is GNU 11.4.0
[0.733s] -- Detecting C compiler ABI info
[1.103s] -- Detecting C compiler ABI info - done
[1.131s] -- Check for working C compiler: /usr/bin/cc - skipped
[1.133s] -- Detecting C compile features
[1.134s] -- Detecting C compile features - done
[1.146s] -- Detecting CXX compiler ABI info
[1.555s] -- Detecting CXX compiler ABI info - done
[1.581s] -- Check for working CXX compiler: /usr/bin/c++ - skipped
[1.582s] -- Detecting CXX compile features
[1.583s] -- Detecting CXX compile features - done
[1.618s] -- Found ament_cmake: 1.3.8 (/opt/ros/humble/share/ament_cmake/cmake)
[2.569s] -- Found Python3: /usr/bin/python3 (found version "3.10.12") found components: Interpreter 
[2.929s] -- Override CMake install command with custom implementation using symlinks instead of copying resources
[3.295s] -- Found builtin_interfaces: 1.2.1 (/opt/ros/humble/share/builtin_interfaces/cmake)
[3.649s] -- Found rosidl_generator_c: 3.1.5 (/opt/ros/humble/share/rosidl_generator_c/cmake)
[3.705s] -- Found rosidl_adapter: 3.1.5 (/opt/ros/humble/share/rosidl_adapter/cmake)
[3.785s] -- Found rosidl_generator_cpp: 3.1.5 (/opt/ros/humble/share/rosidl_generator_cpp/cmake)
[3.884s] -- Using all available rosidl_typesupport_c: rosidl_typesupport_fastrtps_c;rosidl_typesupport_introspection_c
[4.048s] -- Using all available rosidl_typesupport_cpp: rosidl_typesupport_fastrtps_cpp;rosidl_typesupport_introspection_cpp
[4.204s] -- Found rosidl_default_generators: 1.2.0 (/opt/ros/humble/share/rosidl_default_generators/cmake)
[7.041s] -- Found ament_cmake_ros: 0.10.0 (/opt/ros/humble/share/ament_cmake_ros/cmake)
[10.085s] -- Using all available rosidl_typesupport_c: rosidl_typesupport_fastrtps_c;rosidl_typesupport_introspection_c
[10.880s] -- Using all available rosidl_typesupport_cpp: rosidl_typesupport_fastrtps_cpp;rosidl_typesupport_introspection_cpp
[11.008s] -- Found PythonInterp: /usr/bin/python3 (found suitable version "3.10.12", minimum required is "3.6") 
[11.034s] -- Found python_cmake_module: 0.10.0 (/opt/ros/humble/share/python_cmake_module/cmake)
[11.187s] -- Found PythonLibs: /usr/lib/aarch64-linux-gnu/libpython3.10.so (found suitable version "3.10.12", minimum required is "3.5") 
[11.188s] -- Using PYTHON_EXECUTABLE: /usr/bin/python3
[11.188s] -- Using PYTHON_INCLUDE_DIRS: /usr/include/python3.10
[11.189s] -- Using PYTHON_LIBRARIES: /usr/lib/aarch64-linux-gnu/libpython3.10.so
[11.328s] -- Found PythonExtra: .so  
[11.633s] -- Configuring done
[11.883s] -- Generating done
[11.901s] -- Build files have been written to: /home/lemmy/robotis_ws/build/dynamixel_sdk_custom_interfaces
[11.925s] Invoked command in '/home/lemmy/robotis_ws/build/dynamixel_sdk_custom_interfaces' returned '0': CMAKE_PREFIX_PATH=${CMAKE_PREFIX_PATH}:/home/lemmy/ros2_ws/install/my_robot_controller:/opt/ros/humble /usr/bin/cmake /home/lemmy/robotis_ws/src/DynamixelSDK/dynamixel_sdk_custom_interfaces -DAMENT_CMAKE_SYMLINK_INSTALL=1 -DCMAKE_INSTALL_PREFIX=/home/lemmy/robotis_ws/install/dynamixel_sdk_custom_interfaces
[11.935s] Invoking command in '/home/lemmy/robotis_ws/build/dynamixel_sdk_custom_interfaces': CMAKE_PREFIX_PATH=${CMAKE_PREFIX_PATH}:/home/lemmy/ros2_ws/install/my_robot_controller:/opt/ros/humble /usr/bin/cmake --build /home/lemmy/robotis_ws/build/dynamixel_sdk_custom_interfaces -- -j4 -l4
[12.135s] [  2%] [34m[1mGenerating C code for ROS interfaces[0m
[12.194s] [  5%] [34m[1mGenerating C++ code for ROS interfaces[0m
[12.301s] [  5%] Built target ament_cmake_python_symlink_dynamixel_sdk_custom_interfaces
[14.330s] [  5%] Built target dynamixel_sdk_custom_interfaces__cpp
[14.371s] running egg_info
[14.375s] creating dynamixel_sdk_custom_interfaces.egg-info
[14.376s] writing dynamixel_sdk_custom_interfaces.egg-info/PKG-INFO
[14.377s] writing dependency_links to dynamixel_sdk_custom_interfaces.egg-info/dependency_links.txt
[14.378s] writing top-level names to dynamixel_sdk_custom_interfaces.egg-info/top_level.txt
[14.383s] writing manifest file 'dynamixel_sdk_custom_interfaces.egg-info/SOURCES.txt'
[14.408s] reading manifest file 'dynamixel_sdk_custom_interfaces.egg-info/SOURCES.txt'
[14.409s] writing manifest file 'dynamixel_sdk_custom_interfaces.egg-info/SOURCES.txt'
[14.418s] [  7%] [34m[1mGenerating C++ type support dispatch for ROS interfaces[0m
[14.613s] [  7%] Built target ament_cmake_python_build_dynamixel_sdk_custom_interfaces_egg
[14.614s] [ 10%] [34m[1mGenerating C++ type support for eProsima Fast-RTPS[0m
[14.673s] [ 12%] [34m[1mGenerating C++ introspection for ROS interfaces[0m
[14.708s] [ 15%] [32mBuilding C object CMakeFiles/dynamixel_sdk_custom_interfaces__rosidl_generator_c.dir/rosidl_generator_c/dynamixel_sdk_custom_interfaces/msg/detail/set_position__functions.c.o[0m
[15.085s] [ 17%] [32mBuilding C object CMakeFiles/dynamixel_sdk_custom_interfaces__rosidl_generator_c.dir/rosidl_generator_c/dynamixel_sdk_custom_interfaces/srv/detail/get_position__functions.c.o[0m
[15.575s] [ 20%] [32m[1mLinking C shared library libdynamixel_sdk_custom_interfaces__rosidl_generator_c.so[0m
[15.860s] [ 20%] Built target dynamixel_sdk_custom_interfaces__rosidl_generator_c
[15.959s] [ 23%] [34m[1mGenerating C type support for eProsima Fast-RTPS[0m
[16.179s] [ 25%] [32mBuilding CXX object CMakeFiles/dynamixel_sdk_custom_interfaces__rosidl_typesupport_cpp.dir/rosidl_typesupport_cpp/dynamixel_sdk_custom_interfaces/msg/set_position__type_support.cpp.o[0m
[16.672s] [ 28%] [32mBuilding CXX object CMakeFiles/dynamixel_sdk_custom_interfaces__rosidl_typesupport_introspection_cpp.dir/rosidl_typesupport_introspection_cpp/dynamixel_sdk_custom_interfaces/msg/detail/set_position__type_support.cpp.o[0m
[16.937s] [ 30%] [32mBuilding CXX object CMakeFiles/dynamixel_sdk_custom_interfaces__rosidl_typesupport_fastrtps_cpp.dir/rosidl_typesupport_fastrtps_cpp/dynamixel_sdk_custom_interfaces/msg/detail/dds_fastrtps/set_position__type_support.cpp.o[0m
[18.058s] [ 33%] [32mBuilding CXX object CMakeFiles/dynamixel_sdk_custom_interfaces__rosidl_typesupport_fastrtps_c.dir/rosidl_typesupport_fastrtps_c/dynamixel_sdk_custom_interfaces/msg/detail/set_position__type_support_c.cpp.o[0m
[18.185s] [ 35%] [32mBuilding CXX object CMakeFiles/dynamixel_sdk_custom_interfaces__rosidl_typesupport_cpp.dir/rosidl_typesupport_cpp/dynamixel_sdk_custom_interfaces/srv/get_position__type_support.cpp.o[0m
[19.588s] [ 38%] [32mBuilding CXX object CMakeFiles/dynamixel_sdk_custom_interfaces__rosidl_typesupport_introspection_cpp.dir/rosidl_typesupport_introspection_cpp/dynamixel_sdk_custom_interfaces/srv/detail/get_position__type_support.cpp.o[0m
[20.162s] [ 41%] [32mBuilding CXX object CMakeFiles/dynamixel_sdk_custom_interfaces__rosidl_typesupport_fastrtps_cpp.dir/rosidl_typesupport_fastrtps_cpp/dynamixel_sdk_custom_interfaces/srv/detail/dds_fastrtps/get_position__type_support.cpp.o[0m
[20.385s] [ 43%] [32m[1mLinking CXX shared library libdynamixel_sdk_custom_interfaces__rosidl_typesupport_cpp.so[0m
[20.390s] [ 46%] [32mBuilding CXX object CMakeFiles/dynamixel_sdk_custom_interfaces__rosidl_typesupport_fastrtps_c.dir/rosidl_typesupport_fastrtps_c/dynamixel_sdk_custom_interfaces/srv/detail/get_position__type_support_c.cpp.o[0m
[20.691s] [ 46%] Built target dynamixel_sdk_custom_interfaces__rosidl_typesupport_cpp
[20.782s] [ 48%] [34m[1mGenerating C introspection for ROS interfaces[0m
[22.755s] [ 51%] [32m[1mLinking CXX shared library libdynamixel_sdk_custom_interfaces__rosidl_typesupport_introspection_cpp.so[0m
[22.817s] [ 53%] [32m[1mLinking CXX shared library libdynamixel_sdk_custom_interfaces__rosidl_typesupport_fastrtps_c.so[0m
[22.908s] [ 56%] [32m[1mLinking CXX shared library libdynamixel_sdk_custom_interfaces__rosidl_typesupport_fastrtps_cpp.so[0m
[23.091s] [ 56%] Built target dynamixel_sdk_custom_interfaces__rosidl_typesupport_introspection_cpp
[23.176s] [ 58%] [34m[1mGenerating C type support dispatch for ROS interfaces[0m
[23.371s] [ 58%] Built target dynamixel_sdk_custom_interfaces__rosidl_typesupport_fastrtps_c
[23.454s] [ 61%] [32mBuilding C object CMakeFiles/dynamixel_sdk_custom_interfaces__rosidl_typesupport_introspection_c.dir/rosidl_typesupport_introspection_c/dynamixel_sdk_custom_interfaces/msg/detail/set_position__type_support.c.o[0m
[23.475s] [ 64%] [32mBuilding C object CMakeFiles/dynamixel_sdk_custom_interfaces__rosidl_typesupport_introspection_c.dir/rosidl_typesupport_introspection_c/dynamixel_sdk_custom_interfaces/srv/detail/get_position__type_support.c.o[0m
[23.514s] [ 64%] Built target dynamixel_sdk_custom_interfaces__rosidl_typesupport_fastrtps_cpp
[23.728s] [ 66%] [32m[1mLinking C shared library libdynamixel_sdk_custom_interfaces__rosidl_typesupport_introspection_c.so[0m
[23.875s] [ 66%] Built target dynamixel_sdk_custom_interfaces__rosidl_typesupport_introspection_c
[24.616s] [ 69%] [32mBuilding CXX object CMakeFiles/dynamixel_sdk_custom_interfaces__rosidl_typesupport_c.dir/rosidl_typesupport_c/dynamixel_sdk_custom_interfaces/srv/get_position__type_support.cpp.o[0m
[24.621s] [ 71%] [32mBuilding CXX object CMakeFiles/dynamixel_sdk_custom_interfaces__rosidl_typesupport_c.dir/rosidl_typesupport_c/dynamixel_sdk_custom_interfaces/msg/set_position__type_support.cpp.o[0m
[24.788s] [ 74%] [32m[1mLinking CXX shared library libdynamixel_sdk_custom_interfaces__rosidl_typesupport_c.so[0m
[24.975s] [ 74%] Built target dynamixel_sdk_custom_interfaces__rosidl_typesupport_c
[25.074s] [ 74%] Built target dynamixel_sdk_custom_interfaces
[25.179s] [ 76%] [34m[1mGenerating Python code for ROS interfaces[0m
[27.311s] [ 76%] Built target dynamixel_sdk_custom_interfaces__py
[27.410s] [ 79%] [32mBuilding C object CMakeFiles/dynamixel_sdk_custom_interfaces__rosidl_generator_py.dir/rosidl_generator_py/dynamixel_sdk_custom_interfaces/msg/_set_position_s.c.o[0m
[27.412s] [ 82%] [32mBuilding C object CMakeFiles/dynamixel_sdk_custom_interfaces__rosidl_generator_py.dir/rosidl_generator_py/dynamixel_sdk_custom_interfaces/srv/_get_position_s.c.o[0m
[27.942s] [ 84%] [32m[1mLinking C shared library rosidl_generator_py/dynamixel_sdk_custom_interfaces/libdynamixel_sdk_custom_interfaces__rosidl_generator_py.so[0m
[28.151s] [ 84%] Built target dynamixel_sdk_custom_interfaces__rosidl_generator_py
[28.261s] [ 87%] [32mBuilding C object CMakeFiles/dynamixel_sdk_custom_interfaces__rosidl_typesupport_introspection_c__pyext.dir/rosidl_generator_py/dynamixel_sdk_custom_interfaces/_dynamixel_sdk_custom_interfaces_s.ep.rosidl_typesupport_introspection_c.c.o[0m
[28.263s] [ 89%] [32mBuilding C object CMakeFiles/dynamixel_sdk_custom_interfaces__rosidl_typesupport_c__pyext.dir/rosidl_generator_py/dynamixel_sdk_custom_interfaces/_dynamixel_sdk_custom_interfaces_s.ep.rosidl_typesupport_c.c.o[0m
[28.276s] [ 92%] [32mBuilding C object CMakeFiles/dynamixel_sdk_custom_interfaces__rosidl_typesupport_fastrtps_c__pyext.dir/rosidl_generator_py/dynamixel_sdk_custom_interfaces/_dynamixel_sdk_custom_interfaces_s.ep.rosidl_typesupport_fastrtps_c.c.o[0m
[28.876s] [ 94%] [32m[1mLinking C shared library rosidl_generator_py/dynamixel_sdk_custom_interfaces/dynamixel_sdk_custom_interfaces_s__rosidl_typesupport_introspection_c.cpython-310-aarch64-linux-gnu.so[0m
[28.897s] [ 97%] [32m[1mLinking C shared library rosidl_generator_py/dynamixel_sdk_custom_interfaces/dynamixel_sdk_custom_interfaces_s__rosidl_typesupport_c.cpython-310-aarch64-linux-gnu.so[0m
[28.902s] [100%] [32m[1mLinking C shared library rosidl_generator_py/dynamixel_sdk_custom_interfaces/dynamixel_sdk_custom_interfaces_s__rosidl_typesupport_fastrtps_c.cpython-310-aarch64-linux-gnu.so[0m
[29.153s] [100%] Built target dynamixel_sdk_custom_interfaces__rosidl_typesupport_introspection_c__pyext
[29.161s] [100%] Built target dynamixel_sdk_custom_interfaces__rosidl_typesupport_c__pyext
[29.175s] [100%] Built target dynamixel_sdk_custom_interfaces__rosidl_typesupport_fastrtps_c__pyext
[29.223s] Invoked command in '/home/lemmy/robotis_ws/build/dynamixel_sdk_custom_interfaces' returned '0': CMAKE_PREFIX_PATH=${CMAKE_PREFIX_PATH}:/home/lemmy/ros2_ws/install/my_robot_controller:/opt/ros/humble /usr/bin/cmake --build /home/lemmy/robotis_ws/build/dynamixel_sdk_custom_interfaces -- -j4 -l4
[29.870s] Invoking command in '/home/lemmy/robotis_ws/build/dynamixel_sdk_custom_interfaces': CMAKE_PREFIX_PATH=${CMAKE_PREFIX_PATH}:/home/lemmy/ros2_ws/install/my_robot_controller:/opt/ros/humble /usr/bin/cmake --install /home/lemmy/robotis_ws/build/dynamixel_sdk_custom_interfaces
[29.899s] -- Install configuration: ""
[29.901s] -- Execute custom install script
[29.903s] -- Symlinking: /home/lemmy/robotis_ws/install/dynamixel_sdk_custom_interfaces/share/ament_index/resource_index/rosidl_interfaces/dynamixel_sdk_custom_interfaces
[29.944s] -- Symlinking: /home/lemmy/robotis_ws/install/dynamixel_sdk_custom_interfaces/include/dynamixel_sdk_custom_interfaces/dynamixel_sdk_custom_interfaces/msg/detail/set_position__functions.h
[29.980s] -- Symlinking: /home/lemmy/robotis_ws/install/dynamixel_sdk_custom_interfaces/include/dynamixel_sdk_custom_interfaces/dynamixel_sdk_custom_interfaces/msg/detail/set_position__struct.h
[30.018s] -- Symlinking: /home/lemmy/robotis_ws/install/dynamixel_sdk_custom_interfaces/include/dynamixel_sdk_custom_interfaces/dynamixel_sdk_custom_interfaces/msg/detail/set_position__type_support.h
[30.059s] -- Symlinking: /home/lemmy/robotis_ws/install/dynamixel_sdk_custom_interfaces/include/dynamixel_sdk_custom_interfaces/dynamixel_sdk_custom_interfaces/msg/rosidl_generator_c__visibility_control.h
[30.094s] -- Symlinking: /home/lemmy/robotis_ws/install/dynamixel_sdk_custom_interfaces/include/dynamixel_sdk_custom_interfaces/dynamixel_sdk_custom_interfaces/msg/set_position.h
[30.131s] -- Symlinking: /home/lemmy/robotis_ws/install/dynamixel_sdk_custom_interfaces/include/dynamixel_sdk_custom_interfaces/dynamixel_sdk_custom_interfaces/srv/detail/get_position__functions.h
[30.171s] -- Symlinking: /home/lemmy/robotis_ws/install/dynamixel_sdk_custom_interfaces/include/dynamixel_sdk_custom_interfaces/dynamixel_sdk_custom_interfaces/srv/detail/get_position__struct.h
[30.207s] -- Symlinking: /home/lemmy/robotis_ws/install/dynamixel_sdk_custom_interfaces/include/dynamixel_sdk_custom_interfaces/dynamixel_sdk_custom_interfaces/srv/detail/get_position__type_support.h
[30.247s] -- Symlinking: /home/lemmy/robotis_ws/install/dynamixel_sdk_custom_interfaces/include/dynamixel_sdk_custom_interfaces/dynamixel_sdk_custom_interfaces/srv/get_position.h
[30.285s] -- Symlinking: /home/lemmy/robotis_ws/install/dynamixel_sdk_custom_interfaces/share/dynamixel_sdk_custom_interfaces/environment/library_path.sh
[30.321s] -- Symlinking: /home/lemmy/robotis_ws/install/dynamixel_sdk_custom_interfaces/share/dynamixel_sdk_custom_interfaces/environment/library_path.dsv
[30.366s] -- Symlinking: /home/lemmy/robotis_ws/install/dynamixel_sdk_custom_interfaces/include/dynamixel_sdk_custom_interfaces/dynamixel_sdk_custom_interfaces/msg/detail/set_position__rosidl_typesupport_fastrtps_c.h
[30.402s] -- Symlinking: /home/lemmy/robotis_ws/install/dynamixel_sdk_custom_interfaces/include/dynamixel_sdk_custom_interfaces/dynamixel_sdk_custom_interfaces/msg/rosidl_typesupport_fastrtps_c__visibility_control.h
[30.440s] -- Symlinking: /home/lemmy/robotis_ws/install/dynamixel_sdk_custom_interfaces/include/dynamixel_sdk_custom_interfaces/dynamixel_sdk_custom_interfaces/srv/detail/get_position__rosidl_typesupport_fastrtps_c.h
[30.482s] -- Symlinking: /home/lemmy/robotis_ws/install/dynamixel_sdk_custom_interfaces/include/dynamixel_sdk_custom_interfaces/dynamixel_sdk_custom_interfaces/msg/detail/set_position__builder.hpp
[30.520s] -- Symlinking: /home/lemmy/robotis_ws/install/dynamixel_sdk_custom_interfaces/include/dynamixel_sdk_custom_interfaces/dynamixel_sdk_custom_interfaces/msg/detail/set_position__struct.hpp
[30.561s] -- Symlinking: /home/lemmy/robotis_ws/install/dynamixel_sdk_custom_interfaces/include/dynamixel_sdk_custom_interfaces/dynamixel_sdk_custom_interfaces/msg/detail/set_position__traits.hpp
[30.596s] -- Symlinking: /home/lemmy/robotis_ws/install/dynamixel_sdk_custom_interfaces/include/dynamixel_sdk_custom_interfaces/dynamixel_sdk_custom_interfaces/msg/set_position.hpp
[30.632s] -- Symlinking: /home/lemmy/robotis_ws/install/dynamixel_sdk_custom_interfaces/include/dynamixel_sdk_custom_interfaces/dynamixel_sdk_custom_interfaces/srv/detail/get_position__builder.hpp
[30.673s] -- Symlinking: /home/lemmy/robotis_ws/install/dynamixel_sdk_custom_interfaces/include/dynamixel_sdk_custom_interfaces/dynamixel_sdk_custom_interfaces/srv/detail/get_position__struct.hpp
[30.709s] -- Symlinking: /home/lemmy/robotis_ws/install/dynamixel_sdk_custom_interfaces/include/dynamixel_sdk_custom_interfaces/dynamixel_sdk_custom_interfaces/srv/detail/get_position__traits.hpp
[30.757s] -- Symlinking: /home/lemmy/robotis_ws/install/dynamixel_sdk_custom_interfaces/include/dynamixel_sdk_custom_interfaces/dynamixel_sdk_custom_interfaces/srv/get_position.hpp
[30.791s] -- Symlinking: /home/lemmy/robotis_ws/install/dynamixel_sdk_custom_interfaces/include/dynamixel_sdk_custom_interfaces/dynamixel_sdk_custom_interfaces/msg/detail/set_position__rosidl_typesupport_fastrtps_cpp.hpp
[30.829s] -- Symlinking: /home/lemmy/robotis_ws/install/dynamixel_sdk_custom_interfaces/include/dynamixel_sdk_custom_interfaces/dynamixel_sdk_custom_interfaces/msg/rosidl_typesupport_fastrtps_cpp__visibility_control.h
[30.870s] -- Symlinking: /home/lemmy/robotis_ws/install/dynamixel_sdk_custom_interfaces/include/dynamixel_sdk_custom_interfaces/dynamixel_sdk_custom_interfaces/srv/detail/get_position__rosidl_typesupport_fastrtps_cpp.hpp
[30.907s] -- Symlinking: /home/lemmy/robotis_ws/install/dynamixel_sdk_custom_interfaces/include/dynamixel_sdk_custom_interfaces/dynamixel_sdk_custom_interfaces/msg/detail/set_position__rosidl_typesupport_introspection_c.h
[30.955s] -- Symlinking: /home/lemmy/robotis_ws/install/dynamixel_sdk_custom_interfaces/include/dynamixel_sdk_custom_interfaces/dynamixel_sdk_custom_interfaces/msg/rosidl_typesupport_introspection_c__visibility_control.h
[30.984s] -- Symlinking: /home/lemmy/robotis_ws/install/dynamixel_sdk_custom_interfaces/include/dynamixel_sdk_custom_interfaces/dynamixel_sdk_custom_interfaces/srv/detail/get_position__rosidl_typesupport_introspection_c.h
[31.023s] -- Symlinking: /home/lemmy/robotis_ws/install/dynamixel_sdk_custom_interfaces/include/dynamixel_sdk_custom_interfaces/dynamixel_sdk_custom_interfaces/msg/detail/set_position__rosidl_typesupport_introspection_cpp.hpp
[31.066s] -- Symlinking: /home/lemmy/robotis_ws/install/dynamixel_sdk_custom_interfaces/include/dynamixel_sdk_custom_interfaces/dynamixel_sdk_custom_interfaces/srv/detail/get_position__rosidl_typesupport_introspection_cpp.hpp
[31.102s] -- Symlinking: /home/lemmy/robotis_ws/install/dynamixel_sdk_custom_interfaces/share/dynamixel_sdk_custom_interfaces/environment/pythonpath.sh
[31.139s] -- Symlinking: /home/lemmy/robotis_ws/install/dynamixel_sdk_custom_interfaces/share/dynamixel_sdk_custom_interfaces/environment/pythonpath.dsv
[31.181s] -- Symlinking: /home/lemmy/robotis_ws/install/dynamixel_sdk_custom_interfaces/local/lib/python3.10/dist-packages/dynamixel_sdk_custom_interfaces-3.7.60-py3.10.egg-info/PKG-INFO
[31.217s] -- Symlinking: /home/lemmy/robotis_ws/install/dynamixel_sdk_custom_interfaces/local/lib/python3.10/dist-packages/dynamixel_sdk_custom_interfaces-3.7.60-py3.10.egg-info/SOURCES.txt
[31.258s] -- Symlinking: /home/lemmy/robotis_ws/install/dynamixel_sdk_custom_interfaces/local/lib/python3.10/dist-packages/dynamixel_sdk_custom_interfaces-3.7.60-py3.10.egg-info/dependency_links.txt
[31.294s] -- Symlinking: /home/lemmy/robotis_ws/install/dynamixel_sdk_custom_interfaces/local/lib/python3.10/dist-packages/dynamixel_sdk_custom_interfaces-3.7.60-py3.10.egg-info/top_level.txt
[31.337s] -- Symlinking: /home/lemmy/robotis_ws/install/dynamixel_sdk_custom_interfaces/local/lib/python3.10/dist-packages/dynamixel_sdk_custom_interfaces/__init__.py
[31.379s] -- Symlinking: /home/lemmy/robotis_ws/install/dynamixel_sdk_custom_interfaces/local/lib/python3.10/dist-packages/dynamixel_sdk_custom_interfaces/_dynamixel_sdk_custom_interfaces_s.ep.rosidl_typesupport_c.c
[31.414s] -- Symlinking: /home/lemmy/robotis_ws/install/dynamixel_sdk_custom_interfaces/local/lib/python3.10/dist-packages/dynamixel_sdk_custom_interfaces/_dynamixel_sdk_custom_interfaces_s.ep.rosidl_typesupport_fastrtps_c.c
[31.458s] -- Symlinking: /home/lemmy/robotis_ws/install/dynamixel_sdk_custom_interfaces/local/lib/python3.10/dist-packages/dynamixel_sdk_custom_interfaces/_dynamixel_sdk_custom_interfaces_s.ep.rosidl_typesupport_introspection_c.c
[31.493s] -- Symlinking: /home/lemmy/robotis_ws/install/dynamixel_sdk_custom_interfaces/local/lib/python3.10/dist-packages/dynamixel_sdk_custom_interfaces/dynamixel_sdk_custom_interfaces_s__rosidl_typesupport_c.cpython-310-aarch64-linux-gnu.so
[31.530s] -- Symlinking: /home/lemmy/robotis_ws/install/dynamixel_sdk_custom_interfaces/local/lib/python3.10/dist-packages/dynamixel_sdk_custom_interfaces/dynamixel_sdk_custom_interfaces_s__rosidl_typesupport_fastrtps_c.cpython-310-aarch64-linux-gnu.so
[31.570s] -- Symlinking: /home/lemmy/robotis_ws/install/dynamixel_sdk_custom_interfaces/local/lib/python3.10/dist-packages/dynamixel_sdk_custom_interfaces/dynamixel_sdk_custom_interfaces_s__rosidl_typesupport_introspection_c.cpython-310-aarch64-linux-gnu.so
[31.605s] -- Symlinking: /home/lemmy/robotis_ws/install/dynamixel_sdk_custom_interfaces/local/lib/python3.10/dist-packages/dynamixel_sdk_custom_interfaces/libdynamixel_sdk_custom_interfaces__rosidl_generator_py.so
[31.643s] -- Symlinking: /home/lemmy/robotis_ws/install/dynamixel_sdk_custom_interfaces/local/lib/python3.10/dist-packages/dynamixel_sdk_custom_interfaces/msg/__init__.py
[31.683s] -- Symlinking: /home/lemmy/robotis_ws/install/dynamixel_sdk_custom_interfaces/local/lib/python3.10/dist-packages/dynamixel_sdk_custom_interfaces/msg/_set_position.py
[31.719s] -- Symlinking: /home/lemmy/robotis_ws/install/dynamixel_sdk_custom_interfaces/local/lib/python3.10/dist-packages/dynamixel_sdk_custom_interfaces/msg/_set_position_s.c
[31.761s] -- Symlinking: /home/lemmy/robotis_ws/install/dynamixel_sdk_custom_interfaces/local/lib/python3.10/dist-packages/dynamixel_sdk_custom_interfaces/srv/__init__.py
[31.797s] -- Symlinking: /home/lemmy/robotis_ws/install/dynamixel_sdk_custom_interfaces/local/lib/python3.10/dist-packages/dynamixel_sdk_custom_interfaces/srv/_get_position.py
[31.835s] -- Symlinking: /home/lemmy/robotis_ws/install/dynamixel_sdk_custom_interfaces/local/lib/python3.10/dist-packages/dynamixel_sdk_custom_interfaces/srv/_get_position_s.c
[31.876s] -- Up-to-date symlink: /home/lemmy/robotis_ws/install/dynamixel_sdk_custom_interfaces/local/lib/python3.10/dist-packages/dynamixel_sdk_custom_interfaces/dynamixel_sdk_custom_interfaces_s__rosidl_typesupport_fastrtps_c.cpython-310-aarch64-linux-gnu.so
[31.878s] -- Up-to-date symlink: /home/lemmy/robotis_ws/install/dynamixel_sdk_custom_interfaces/local/lib/python3.10/dist-packages/dynamixel_sdk_custom_interfaces/dynamixel_sdk_custom_interfaces_s__rosidl_typesupport_introspection_c.cpython-310-aarch64-linux-gnu.so
[31.880s] -- Up-to-date symlink: /home/lemmy/robotis_ws/install/dynamixel_sdk_custom_interfaces/local/lib/python3.10/dist-packages/dynamixel_sdk_custom_interfaces/dynamixel_sdk_custom_interfaces_s__rosidl_typesupport_c.cpython-310-aarch64-linux-gnu.so
[31.881s] -- Symlinking: /home/lemmy/robotis_ws/install/dynamixel_sdk_custom_interfaces/share/dynamixel_sdk_custom_interfaces/msg/SetPosition.idl
[31.919s] -- Symlinking: /home/lemmy/robotis_ws/install/dynamixel_sdk_custom_interfaces/share/dynamixel_sdk_custom_interfaces/srv/GetPosition.idl
[31.963s] -- Symlinking: /home/lemmy/robotis_ws/install/dynamixel_sdk_custom_interfaces/share/dynamixel_sdk_custom_interfaces/msg/SetPosition.msg
[31.997s] -- Symlinking: /home/lemmy/robotis_ws/install/dynamixel_sdk_custom_interfaces/share/dynamixel_sdk_custom_interfaces/srv/GetPosition.srv
[32.035s] -- Symlinking: /home/lemmy/robotis_ws/install/dynamixel_sdk_custom_interfaces/share/dynamixel_sdk_custom_interfaces/srv/GetPosition_Request.msg
[32.076s] -- Symlinking: /home/lemmy/robotis_ws/install/dynamixel_sdk_custom_interfaces/share/dynamixel_sdk_custom_interfaces/srv/GetPosition_Response.msg
[32.112s] -- Symlinking: /home/lemmy/robotis_ws/install/dynamixel_sdk_custom_interfaces/share/ament_index/resource_index/package_run_dependencies/dynamixel_sdk_custom_interfaces
[32.151s] -- Symlinking: /home/lemmy/robotis_ws/install/dynamixel_sdk_custom_interfaces/share/ament_index/resource_index/parent_prefix_path/dynamixel_sdk_custom_interfaces
[32.190s] -- Symlinking: /home/lemmy/robotis_ws/install/dynamixel_sdk_custom_interfaces/share/dynamixel_sdk_custom_interfaces/environment/ament_prefix_path.sh
[32.225s] -- Symlinking: /home/lemmy/robotis_ws/install/dynamixel_sdk_custom_interfaces/share/dynamixel_sdk_custom_interfaces/environment/ament_prefix_path.dsv
[32.268s] -- Symlinking: /home/lemmy/robotis_ws/install/dynamixel_sdk_custom_interfaces/share/dynamixel_sdk_custom_interfaces/environment/path.sh
[32.305s] -- Symlinking: /home/lemmy/robotis_ws/install/dynamixel_sdk_custom_interfaces/share/dynamixel_sdk_custom_interfaces/environment/path.dsv
[32.342s] -- Symlinking: /home/lemmy/robotis_ws/install/dynamixel_sdk_custom_interfaces/share/dynamixel_sdk_custom_interfaces/local_setup.bash
[32.380s] -- Symlinking: /home/lemmy/robotis_ws/install/dynamixel_sdk_custom_interfaces/share/dynamixel_sdk_custom_interfaces/local_setup.sh
[32.416s] -- Symlinking: /home/lemmy/robotis_ws/install/dynamixel_sdk_custom_interfaces/share/dynamixel_sdk_custom_interfaces/local_setup.zsh
[32.461s] -- Symlinking: /home/lemmy/robotis_ws/install/dynamixel_sdk_custom_interfaces/share/dynamixel_sdk_custom_interfaces/local_setup.dsv
[32.495s] -- Symlinking: /home/lemmy/robotis_ws/install/dynamixel_sdk_custom_interfaces/share/dynamixel_sdk_custom_interfaces/package.dsv
[32.532s] -- Symlinking: /home/lemmy/robotis_ws/install/dynamixel_sdk_custom_interfaces/share/ament_index/resource_index/packages/dynamixel_sdk_custom_interfaces
[32.573s] -- Symlinking: /home/lemmy/robotis_ws/install/dynamixel_sdk_custom_interfaces/share/dynamixel_sdk_custom_interfaces/cmake/rosidl_cmake-extras.cmake
[32.609s] -- Symlinking: /home/lemmy/robotis_ws/install/dynamixel_sdk_custom_interfaces/share/dynamixel_sdk_custom_interfaces/cmake/ament_cmake_export_dependencies-extras.cmake
[32.646s] -- Symlinking: /home/lemmy/robotis_ws/install/dynamixel_sdk_custom_interfaces/share/dynamixel_sdk_custom_interfaces/cmake/ament_cmake_export_include_directories-extras.cmake
[32.685s] -- Symlinking: /home/lemmy/robotis_ws/install/dynamixel_sdk_custom_interfaces/share/dynamixel_sdk_custom_interfaces/cmake/ament_cmake_export_libraries-extras.cmake
[32.720s] -- Symlinking: /home/lemmy/robotis_ws/install/dynamixel_sdk_custom_interfaces/share/dynamixel_sdk_custom_interfaces/cmake/ament_cmake_export_targets-extras.cmake
[32.763s] -- Symlinking: /home/lemmy/robotis_ws/install/dynamixel_sdk_custom_interfaces/share/dynamixel_sdk_custom_interfaces/cmake/rosidl_cmake_export_typesupport_targets-extras.cmake
[32.801s] -- Symlinking: /home/lemmy/robotis_ws/install/dynamixel_sdk_custom_interfaces/share/dynamixel_sdk_custom_interfaces/cmake/rosidl_cmake_export_typesupport_libraries-extras.cmake
[32.837s] -- Symlinking: /home/lemmy/robotis_ws/install/dynamixel_sdk_custom_interfaces/share/dynamixel_sdk_custom_interfaces/cmake/dynamixel_sdk_custom_interfacesConfig.cmake
[32.879s] -- Symlinking: /home/lemmy/robotis_ws/install/dynamixel_sdk_custom_interfaces/share/dynamixel_sdk_custom_interfaces/cmake/dynamixel_sdk_custom_interfacesConfig-version.cmake
[32.916s] -- Symlinking: /home/lemmy/robotis_ws/install/dynamixel_sdk_custom_interfaces/share/dynamixel_sdk_custom_interfaces/package.xml
[32.961s] -- Installing: /home/lemmy/robotis_ws/install/dynamixel_sdk_custom_interfaces/lib/libdynamixel_sdk_custom_interfaces__rosidl_generator_c.so
[32.964s] -- Set runtime path of "/home/lemmy/robotis_ws/install/dynamixel_sdk_custom_interfaces/lib/libdynamixel_sdk_custom_interfaces__rosidl_generator_c.so" to ""
[32.964s] -- Installing: /home/lemmy/robotis_ws/install/dynamixel_sdk_custom_interfaces/lib/libdynamixel_sdk_custom_interfaces__rosidl_typesupport_fastrtps_c.so
[32.967s] -- Set runtime path of "/home/lemmy/robotis_ws/install/dynamixel_sdk_custom_interfaces/lib/libdynamixel_sdk_custom_interfaces__rosidl_typesupport_fastrtps_c.so" to ""
[32.968s] -- Installing: /home/lemmy/robotis_ws/install/dynamixel_sdk_custom_interfaces/lib/libdynamixel_sdk_custom_interfaces__rosidl_typesupport_fastrtps_cpp.so
[32.970s] -- Set runtime path of "/home/lemmy/robotis_ws/install/dynamixel_sdk_custom_interfaces/lib/libdynamixel_sdk_custom_interfaces__rosidl_typesupport_fastrtps_cpp.so" to ""
[32.971s] -- Installing: /home/lemmy/robotis_ws/install/dynamixel_sdk_custom_interfaces/lib/libdynamixel_sdk_custom_interfaces__rosidl_typesupport_introspection_c.so
[32.973s] -- Set runtime path of "/home/lemmy/robotis_ws/install/dynamixel_sdk_custom_interfaces/lib/libdynamixel_sdk_custom_interfaces__rosidl_typesupport_introspection_c.so" to ""
[32.974s] -- Installing: /home/lemmy/robotis_ws/install/dynamixel_sdk_custom_interfaces/lib/libdynamixel_sdk_custom_interfaces__rosidl_typesupport_c.so
[32.977s] -- Set runtime path of "/home/lemmy/robotis_ws/install/dynamixel_sdk_custom_interfaces/lib/libdynamixel_sdk_custom_interfaces__rosidl_typesupport_c.so" to ""
[32.978s] -- Installing: /home/lemmy/robotis_ws/install/dynamixel_sdk_custom_interfaces/lib/libdynamixel_sdk_custom_interfaces__rosidl_typesupport_introspection_cpp.so
[32.980s] -- Set runtime path of "/home/lemmy/robotis_ws/install/dynamixel_sdk_custom_interfaces/lib/libdynamixel_sdk_custom_interfaces__rosidl_typesupport_introspection_cpp.so" to ""
[32.981s] -- Installing: /home/lemmy/robotis_ws/install/dynamixel_sdk_custom_interfaces/lib/libdynamixel_sdk_custom_interfaces__rosidl_typesupport_cpp.so
[32.983s] -- Set runtime path of "/home/lemmy/robotis_ws/install/dynamixel_sdk_custom_interfaces/lib/libdynamixel_sdk_custom_interfaces__rosidl_typesupport_cpp.so" to ""
[33.164s] Listing '/home/lemmy/robotis_ws/install/dynamixel_sdk_custom_interfaces/local/lib/python3.10/dist-packages/dynamixel_sdk_custom_interfaces'...
[33.165s] Compiling '/home/lemmy/robotis_ws/install/dynamixel_sdk_custom_interfaces/local/lib/python3.10/dist-packages/dynamixel_sdk_custom_interfaces/__init__.py'...
[33.166s] Listing '/home/lemmy/robotis_ws/install/dynamixel_sdk_custom_interfaces/local/lib/python3.10/dist-packages/dynamixel_sdk_custom_interfaces/msg'...
[33.167s] Compiling '/home/lemmy/robotis_ws/install/dynamixel_sdk_custom_interfaces/local/lib/python3.10/dist-packages/dynamixel_sdk_custom_interfaces/msg/__init__.py'...
[33.168s] Compiling '/home/lemmy/robotis_ws/install/dynamixel_sdk_custom_interfaces/local/lib/python3.10/dist-packages/dynamixel_sdk_custom_interfaces/msg/_set_position.py'...
[33.169s] Listing '/home/lemmy/robotis_ws/install/dynamixel_sdk_custom_interfaces/local/lib/python3.10/dist-packages/dynamixel_sdk_custom_interfaces/srv'...
[33.169s] Compiling '/home/lemmy/robotis_ws/install/dynamixel_sdk_custom_interfaces/local/lib/python3.10/dist-packages/dynamixel_sdk_custom_interfaces/srv/__init__.py'...
[33.171s] Compiling '/home/lemmy/robotis_ws/install/dynamixel_sdk_custom_interfaces/local/lib/python3.10/dist-packages/dynamixel_sdk_custom_interfaces/srv/_get_position.py'...
[33.189s] -- Installing: /home/lemmy/robotis_ws/install/dynamixel_sdk_custom_interfaces/lib/libdynamixel_sdk_custom_interfaces__rosidl_generator_py.so
[33.192s] -- Set runtime path of "/home/lemmy/robotis_ws/install/dynamixel_sdk_custom_interfaces/lib/libdynamixel_sdk_custom_interfaces__rosidl_generator_py.so" to ""
[33.193s] -- Installing: /home/lemmy/robotis_ws/install/dynamixel_sdk_custom_interfaces/share/dynamixel_sdk_custom_interfaces/cmake/export_dynamixel_sdk_custom_interfaces__rosidl_generator_cExport.cmake
[33.194s] -- Installing: /home/lemmy/robotis_ws/install/dynamixel_sdk_custom_interfaces/share/dynamixel_sdk_custom_interfaces/cmake/export_dynamixel_sdk_custom_interfaces__rosidl_generator_cExport-noconfig.cmake
[33.197s] -- Installing: /home/lemmy/robotis_ws/install/dynamixel_sdk_custom_interfaces/share/dynamixel_sdk_custom_interfaces/cmake/export_dynamixel_sdk_custom_interfaces__rosidl_typesupport_fastrtps_cExport.cmake
[33.199s] -- Installing: /home/lemmy/robotis_ws/install/dynamixel_sdk_custom_interfaces/share/dynamixel_sdk_custom_interfaces/cmake/export_dynamixel_sdk_custom_interfaces__rosidl_typesupport_fastrtps_cExport-noconfig.cmake
[33.201s] -- Installing: /home/lemmy/robotis_ws/install/dynamixel_sdk_custom_interfaces/share/dynamixel_sdk_custom_interfaces/cmake/export_dynamixel_sdk_custom_interfaces__rosidl_generator_cppExport.cmake
[33.204s] -- Installing: /home/lemmy/robotis_ws/install/dynamixel_sdk_custom_interfaces/share/dynamixel_sdk_custom_interfaces/cmake/export_dynamixel_sdk_custom_interfaces__rosidl_typesupport_fastrtps_cppExport.cmake
[33.206s] -- Installing: /home/lemmy/robotis_ws/install/dynamixel_sdk_custom_interfaces/share/dynamixel_sdk_custom_interfaces/cmake/export_dynamixel_sdk_custom_interfaces__rosidl_typesupport_fastrtps_cppExport-noconfig.cmake
[33.208s] -- Installing: /home/lemmy/robotis_ws/install/dynamixel_sdk_custom_interfaces/share/dynamixel_sdk_custom_interfaces/cmake/dynamixel_sdk_custom_interfaces__rosidl_typesupport_introspection_cExport.cmake
[33.209s] -- Installing: /home/lemmy/robotis_ws/install/dynamixel_sdk_custom_interfaces/share/dynamixel_sdk_custom_interfaces/cmake/dynamixel_sdk_custom_interfaces__rosidl_typesupport_introspection_cExport-noconfig.cmake
[33.211s] -- Installing: /home/lemmy/robotis_ws/install/dynamixel_sdk_custom_interfaces/share/dynamixel_sdk_custom_interfaces/cmake/dynamixel_sdk_custom_interfaces__rosidl_typesupport_cExport.cmake
[33.213s] -- Installing: /home/lemmy/robotis_ws/install/dynamixel_sdk_custom_interfaces/share/dynamixel_sdk_custom_interfaces/cmake/dynamixel_sdk_custom_interfaces__rosidl_typesupport_cExport-noconfig.cmake
[33.215s] -- Installing: /home/lemmy/robotis_ws/install/dynamixel_sdk_custom_interfaces/share/dynamixel_sdk_custom_interfaces/cmake/dynamixel_sdk_custom_interfaces__rosidl_typesupport_introspection_cppExport.cmake
[33.216s] -- Installing: /home/lemmy/robotis_ws/install/dynamixel_sdk_custom_interfaces/share/dynamixel_sdk_custom_interfaces/cmake/dynamixel_sdk_custom_interfaces__rosidl_typesupport_introspection_cppExport-noconfig.cmake
[33.218s] -- Installing: /home/lemmy/robotis_ws/install/dynamixel_sdk_custom_interfaces/share/dynamixel_sdk_custom_interfaces/cmake/dynamixel_sdk_custom_interfaces__rosidl_typesupport_cppExport.cmake
[33.220s] -- Installing: /home/lemmy/robotis_ws/install/dynamixel_sdk_custom_interfaces/share/dynamixel_sdk_custom_interfaces/cmake/dynamixel_sdk_custom_interfaces__rosidl_typesupport_cppExport-noconfig.cmake
[33.221s] -- Installing: /home/lemmy/robotis_ws/install/dynamixel_sdk_custom_interfaces/share/dynamixel_sdk_custom_interfaces/cmake/export_dynamixel_sdk_custom_interfaces__rosidl_generator_pyExport.cmake
[33.223s] -- Installing: /home/lemmy/robotis_ws/install/dynamixel_sdk_custom_interfaces/share/dynamixel_sdk_custom_interfaces/cmake/export_dynamixel_sdk_custom_interfaces__rosidl_generator_pyExport-noconfig.cmake
[33.232s] Invoked command in '/home/lemmy/robotis_ws/build/dynamixel_sdk_custom_interfaces' returned '0': CMAKE_PREFIX_PATH=${CMAKE_PREFIX_PATH}:/home/lemmy/ros2_ws/install/my_robot_controller:/opt/ros/humble /usr/bin/cmake --install /home/lemmy/robotis_ws/build/dynamixel_sdk_custom_interfaces
