[0.191s] Invoking command in '/home/lemmy/robotis_ws/build/dynamixel_sdk': CMAKE_PREFIX_PATH=${CMAKE_PREFIX_PATH}:/home/lemmy/ros2_ws/install/my_robot_controller:/opt/ros/humble /usr/bin/cmake --build /home/lemmy/robotis_ws/build/dynamixel_sdk -- -j4 -l4
[0.709s] [100%] Built target dynamixel_sdk
[0.832s] Invoked command in '/home/lemmy/robotis_ws/build/dynamixel_sdk' returned '0': CMAKE_PREFIX_PATH=${CMAKE_PREFIX_PATH}:/home/lemmy/ros2_ws/install/my_robot_controller:/opt/ros/humble /usr/bin/cmake --build /home/lemmy/robotis_ws/build/dynamixel_sdk -- -j4 -l4
[1.946s] Invoking command in '/home/lemmy/robotis_ws/build/dynamixel_sdk': CMAKE_PREFIX_PATH=${CMAKE_PREFIX_PATH}:/home/lemmy/ros2_ws/install/my_robot_controller:/opt/ros/humble /usr/bin/cmake --install /home/lemmy/robotis_ws/build/dynamixel_sdk
[2.025s] -- Install configuration: ""
[2.027s] -- Up-to-date: /home/lemmy/robotis_ws/install/dynamixel_sdk/include/
[2.029s] -- Up-to-date: /home/lemmy/robotis_ws/install/dynamixel_sdk/include//dynamixel_sdk
[2.032s] -- Up-to-date: /home/lemmy/robotis_ws/install/dynamixel_sdk/include//dynamixel_sdk/port_handler.h
[2.034s] -- Up-to-date: /home/lemmy/robotis_ws/install/dynamixel_sdk/include//dynamixel_sdk/dynamixel_sdk.h
[2.036s] -- Up-to-date: /home/lemmy/robotis_ws/install/dynamixel_sdk/include//dynamixel_sdk/protocol2_packet_handler.h
[2.038s] -- Up-to-date: /home/lemmy/robotis_ws/install/dynamixel_sdk/include//dynamixel_sdk/port_handler_mac.h
[2.040s] -- Up-to-date: /home/lemmy/robotis_ws/install/dynamixel_sdk/include//dynamixel_sdk/port_handler_linux.h
[2.042s] -- Up-to-date: /home/lemmy/robotis_ws/install/dynamixel_sdk/include//dynamixel_sdk/protocol1_packet_handler.h
[2.044s] -- Up-to-date: /home/lemmy/robotis_ws/install/dynamixel_sdk/include//dynamixel_sdk/port_handler_windows.h
[2.045s] -- Up-to-date: /home/lemmy/robotis_ws/install/dynamixel_sdk/include//dynamixel_sdk/group_bulk_read.h
[2.047s] -- Up-to-date: /home/lemmy/robotis_ws/install/dynamixel_sdk/include//dynamixel_sdk/group_sync_write.h
[2.049s] -- Up-to-date: /home/lemmy/robotis_ws/install/dynamixel_sdk/include//dynamixel_sdk/group_sync_read.h
[2.051s] -- Up-to-date: /home/lemmy/robotis_ws/install/dynamixel_sdk/include//dynamixel_sdk/packet_handler.h
[2.053s] -- Up-to-date: /home/lemmy/robotis_ws/install/dynamixel_sdk/include//dynamixel_sdk/group_bulk_write.h
[2.056s] -- Up-to-date: /home/lemmy/robotis_ws/install/dynamixel_sdk/include//dynamixel_sdk/port_handler_arduino.h
[2.060s] -- Up-to-date: /home/lemmy/robotis_ws/install/dynamixel_sdk/lib/libdynamixel_sdk.so
[2.063s] -- Up-to-date: /home/lemmy/robotis_ws/install/dynamixel_sdk/share/dynamixel_sdk/environment/library_path.sh
[2.065s] -- Up-to-date: /home/lemmy/robotis_ws/install/dynamixel_sdk/share/dynamixel_sdk/environment/library_path.dsv
[2.071s] -- Up-to-date: /home/lemmy/robotis_ws/install/dynamixel_sdk/share/ament_index/resource_index/package_run_dependencies/dynamixel_sdk
[2.077s] -- Up-to-date: /home/lemmy/robotis_ws/install/dynamixel_sdk/share/ament_index/resource_index/parent_prefix_path/dynamixel_sdk
[2.078s] -- Up-to-date: /home/lemmy/robotis_ws/install/dynamixel_sdk/share/dynamixel_sdk/environment/ament_prefix_path.sh
[2.084s] -- Up-to-date: /home/lemmy/robotis_ws/install/dynamixel_sdk/share/dynamixel_sdk/environment/ament_prefix_path.dsv
[2.093s] -- Up-to-date: /home/lemmy/robotis_ws/install/dynamixel_sdk/share/dynamixel_sdk/environment/path.sh
[2.094s] -- Up-to-date: /home/lemmy/robotis_ws/install/dynamixel_sdk/share/dynamixel_sdk/environment/path.dsv
[2.095s] -- Up-to-date: /home/lemmy/robotis_ws/install/dynamixel_sdk/share/dynamixel_sdk/local_setup.bash
[2.097s] -- Up-to-date: /home/lemmy/robotis_ws/install/dynamixel_sdk/share/dynamixel_sdk/local_setup.sh
[2.098s] -- Up-to-date: /home/lemmy/robotis_ws/install/dynamixel_sdk/share/dynamixel_sdk/local_setup.zsh
[2.099s] -- Up-to-date: /home/lemmy/robotis_ws/install/dynamixel_sdk/share/dynamixel_sdk/local_setup.dsv
[2.100s] -- Installing: /home/lemmy/robotis_ws/install/dynamixel_sdk/share/dynamixel_sdk/package.dsv
[2.101s] -- Up-to-date: /home/lemmy/robotis_ws/install/dynamixel_sdk/share/ament_index/resource_index/packages/dynamixel_sdk
[2.102s] -- Up-to-date: /home/lemmy/robotis_ws/install/dynamixel_sdk/share/dynamixel_sdk/cmake/ament_cmake_export_include_directories-extras.cmake
[2.102s] -- Up-to-date: /home/lemmy/robotis_ws/install/dynamixel_sdk/share/dynamixel_sdk/cmake/ament_cmake_export_libraries-extras.cmake
[2.111s] -- Up-to-date: /home/lemmy/robotis_ws/install/dynamixel_sdk/share/dynamixel_sdk/cmake/dynamixel_sdkConfig.cmake
[2.112s] -- Up-to-date: /home/lemmy/robotis_ws/install/dynamixel_sdk/share/dynamixel_sdk/cmake/dynamixel_sdkConfig-version.cmake
[2.113s] -- Up-to-date: /home/lemmy/robotis_ws/install/dynamixel_sdk/share/dynamixel_sdk/package.xml
[2.137s] Invoked command in '/home/lemmy/robotis_ws/build/dynamixel_sdk' returned '0': CMAKE_PREFIX_PATH=${CMAKE_PREFIX_PATH}:/home/lemmy/ros2_ws/install/my_robot_controller:/opt/ros/humble /usr/bin/cmake --install /home/lemmy/robotis_ws/build/dynamixel_sdk
