[0.167s] Invoking command in '/home/lemmy/robotis_ws/build/dynamixel_sdk': CMAKE_PREFIX_PATH=${CMAKE_PREFIX_PATH}:/home/lemmy/ros2_ws/install/my_robot_controller:/opt/ros/humble /usr/bin/cmake --build /home/lemmy/robotis_ws/build/dynamixel_sdk -- -j4 -l4
[0.590s] [100%] Built target dynamixel_sdk
[0.742s] Invoked command in '/home/lemmy/robotis_ws/build/dynamixel_sdk' returned '0': CMAKE_PREFIX_PATH=${CMAKE_PREFIX_PATH}:/home/lemmy/ros2_ws/install/my_robot_controller:/opt/ros/humble /usr/bin/cmake --build /home/lemmy/robotis_ws/build/dynamixel_sdk -- -j4 -l4
[1.755s] Invoking command in '/home/lemmy/robotis_ws/build/dynamixel_sdk': CMAKE_PREFIX_PATH=${CMAKE_PREFIX_PATH}:/home/lemmy/ros2_ws/install/my_robot_controller:/opt/ros/humble /usr/bin/cmake --install /home/lemmy/robotis_ws/build/dynamixel_sdk
[1.861s] -- Install configuration: ""
[1.865s] -- Up-to-date: /home/lemmy/robotis_ws/install/dynamixel_sdk/include/
[1.868s] -- Up-to-date: /home/lemmy/robotis_ws/install/dynamixel_sdk/include//dynamixel_sdk
[1.885s] -- Up-to-date: /home/lemmy/robotis_ws/install/dynamixel_sdk/include//dynamixel_sdk/port_handler.h
[1.887s] -- Up-to-date: /home/lemmy/robotis_ws/install/dynamixel_sdk/include//dynamixel_sdk/dynamixel_sdk.h
[1.889s] -- Up-to-date: /home/lemmy/robotis_ws/install/dynamixel_sdk/include//dynamixel_sdk/protocol2_packet_handler.h
[1.892s] -- Up-to-date: /home/lemmy/robotis_ws/install/dynamixel_sdk/include//dynamixel_sdk/port_handler_mac.h
[1.894s] -- Up-to-date: /home/lemmy/robotis_ws/install/dynamixel_sdk/include//dynamixel_sdk/port_handler_linux.h
[1.897s] -- Up-to-date: /home/lemmy/robotis_ws/install/dynamixel_sdk/include//dynamixel_sdk/protocol1_packet_handler.h
[1.899s] -- Up-to-date: /home/lemmy/robotis_ws/install/dynamixel_sdk/include//dynamixel_sdk/port_handler_windows.h
[1.907s] -- Up-to-date: /home/lemmy/robotis_ws/install/dynamixel_sdk/include//dynamixel_sdk/group_bulk_read.h
[1.910s] -- Up-to-date: /home/lemmy/robotis_ws/install/dynamixel_sdk/include//dynamixel_sdk/group_sync_write.h
[1.914s] -- Up-to-date: /home/lemmy/robotis_ws/install/dynamixel_sdk/include//dynamixel_sdk/group_sync_read.h
[1.919s] -- Up-to-date: /home/lemmy/robotis_ws/install/dynamixel_sdk/include//dynamixel_sdk/packet_handler.h
[1.923s] -- Up-to-date: /home/lemmy/robotis_ws/install/dynamixel_sdk/include//dynamixel_sdk/group_bulk_write.h
[1.934s] -- Up-to-date: /home/lemmy/robotis_ws/install/dynamixel_sdk/include//dynamixel_sdk/port_handler_arduino.h
[1.935s] -- Up-to-date: /home/lemmy/robotis_ws/install/dynamixel_sdk/lib/libdynamixel_sdk.so
[1.939s] -- Up-to-date: /home/lemmy/robotis_ws/install/dynamixel_sdk/share/dynamixel_sdk/environment/library_path.sh
[1.940s] -- Up-to-date: /home/lemmy/robotis_ws/install/dynamixel_sdk/share/dynamixel_sdk/environment/library_path.dsv
[1.941s] -- Up-to-date: /home/lemmy/robotis_ws/install/dynamixel_sdk/share/ament_index/resource_index/package_run_dependencies/dynamixel_sdk
[1.948s] -- Up-to-date: /home/lemmy/robotis_ws/install/dynamixel_sdk/share/ament_index/resource_index/parent_prefix_path/dynamixel_sdk
[1.952s] -- Up-to-date: /home/lemmy/robotis_ws/install/dynamixel_sdk/share/dynamixel_sdk/environment/ament_prefix_path.sh
[1.953s] -- Up-to-date: /home/lemmy/robotis_ws/install/dynamixel_sdk/share/dynamixel_sdk/environment/ament_prefix_path.dsv
[1.956s] -- Up-to-date: /home/lemmy/robotis_ws/install/dynamixel_sdk/share/dynamixel_sdk/environment/path.sh
[1.958s] -- Up-to-date: /home/lemmy/robotis_ws/install/dynamixel_sdk/share/dynamixel_sdk/environment/path.dsv
[1.970s] -- Up-to-date: /home/lemmy/robotis_ws/install/dynamixel_sdk/share/dynamixel_sdk/local_setup.bash
[1.983s] -- Up-to-date: /home/lemmy/robotis_ws/install/dynamixel_sdk/share/dynamixel_sdk/local_setup.sh
[1.984s] -- Up-to-date: /home/lemmy/robotis_ws/install/dynamixel_sdk/share/dynamixel_sdk/local_setup.zsh
[1.984s] -- Up-to-date: /home/lemmy/robotis_ws/install/dynamixel_sdk/share/dynamixel_sdk/local_setup.dsv
[1.985s] -- Installing: /home/lemmy/robotis_ws/install/dynamixel_sdk/share/dynamixel_sdk/package.dsv
[1.997s] -- Up-to-date: /home/lemmy/robotis_ws/install/dynamixel_sdk/share/ament_index/resource_index/packages/dynamixel_sdk
[1.998s] -- Up-to-date: /home/lemmy/robotis_ws/install/dynamixel_sdk/share/dynamixel_sdk/cmake/ament_cmake_export_include_directories-extras.cmake
[2.020s] -- Up-to-date: /home/lemmy/robotis_ws/install/dynamixel_sdk/share/dynamixel_sdk/cmake/ament_cmake_export_libraries-extras.cmake
[2.022s] -- Up-to-date: /home/lemmy/robotis_ws/install/dynamixel_sdk/share/dynamixel_sdk/cmake/dynamixel_sdkConfig.cmake
[2.023s] -- Up-to-date: /home/lemmy/robotis_ws/install/dynamixel_sdk/share/dynamixel_sdk/cmake/dynamixel_sdkConfig-version.cmake
[2.030s] -- Up-to-date: /home/lemmy/robotis_ws/install/dynamixel_sdk/share/dynamixel_sdk/package.xml
[2.032s] Invoked command in '/home/lemmy/robotis_ws/build/dynamixel_sdk' returned '0': CMAKE_PREFIX_PATH=${CMAKE_PREFIX_PATH}:/home/lemmy/ros2_ws/install/my_robot_controller:/opt/ros/humble /usr/bin/cmake --install /home/lemmy/robotis_ws/build/dynamixel_sdk
