[0.123s] Invoking command in '/home/lemmy/robotis_ws/build/dynamixel_sdk_custom_interfaces': CMAKE_PREFIX_PATH=${CMAKE_PREFIX_PATH}:/home/lemmy/ros2_ws/install/my_robot_controller:/opt/ros/humble /usr/bin/cmake /home/lemmy/robotis_ws/src/DynamixelSDK/dynamixel_sdk_custom_interfaces -DCMAKE_INSTALL_PREFIX=/home/lemmy/robotis_ws/install/dynamixel_sdk_custom_interfaces
[0.570s] -- The C compiler identification is GNU 11.4.0
[0.960s] -- The CXX compiler identification is GNU 11.4.0
[0.993s] -- Detecting C compiler ABI info
[1.447s] -- Detecting C compiler ABI info - done
[1.484s] -- Check for working C compiler: /usr/bin/cc - skipped
[1.488s] -- Detecting C compile features
[1.490s] -- Detecting C compile features - done
[1.503s] -- Detecting CXX compiler ABI info
[2.034s] -- Detecting CXX compiler ABI info - done
[2.070s] -- Check for working CXX compiler: /usr/bin/c++ - skipped
[2.077s] -- Detecting CXX compile features
[2.077s] -- Detecting CXX compile features - done
[2.104s] -- Found ament_cmake: 1.3.8 (/opt/ros/humble/share/ament_cmake/cmake)
[3.331s] -- Found Python3: /usr/bin/python3 (found version "3.10.12") found components: Interpreter 
[4.153s] -- Found builtin_interfaces: 1.2.1 (/opt/ros/humble/share/builtin_interfaces/cmake)
[4.695s] -- Found rosidl_generator_c: 3.1.5 (/opt/ros/humble/share/rosidl_generator_c/cmake)
[4.781s] -- Found rosidl_adapter: 3.1.5 (/opt/ros/humble/share/rosidl_adapter/cmake)
[4.879s] -- Found rosidl_generator_cpp: 3.1.5 (/opt/ros/humble/share/rosidl_generator_cpp/cmake)
[5.030s] -- Using all available rosidl_typesupport_c: rosidl_typesupport_fastrtps_c;rosidl_typesupport_introspection_c
[5.268s] -- Using all available rosidl_typesupport_cpp: rosidl_typesupport_fastrtps_cpp;rosidl_typesupport_introspection_cpp
[5.696s] -- Found rosidl_default_generators: 1.2.0 (/opt/ros/humble/share/rosidl_default_generators/cmake)
[5.819s] [31mCMake Error at /opt/ros/humble/share/rosidl_cmake/cmake/rosidl_generate_interfaces.cmake:93 (message):
[5.827s]   rosidl_generate_interfaces() the passed file 'msg/SetVelocities.msg'
[5.831s]   doesn't exist relative to the CMAKE_CURRENT_SOURCE_DIR
[5.834s]   '/home/lemmy/robotis_ws/src/DynamixelSDK/dynamixel_sdk_custom_interfaces'
[5.835s] Call Stack (most recent call first):
[5.835s]   CMakeLists.txt:26 (rosidl_generate_interfaces)
[5.842s] 
[5.843s] [0m
[5.844s] -- Configuring incomplete, errors occurred!
[5.844s] See also "/home/lemmy/robotis_ws/build/dynamixel_sdk_custom_interfaces/CMakeFiles/CMakeOutput.log".
[5.865s] Invoked command in '/home/lemmy/robotis_ws/build/dynamixel_sdk_custom_interfaces' returned '1': CMAKE_PREFIX_PATH=${CMAKE_PREFIX_PATH}:/home/lemmy/ros2_ws/install/my_robot_controller:/opt/ros/humble /usr/bin/cmake /home/lemmy/robotis_ws/src/DynamixelSDK/dynamixel_sdk_custom_interfaces -DCMAKE_INSTALL_PREFIX=/home/lemmy/robotis_ws/install/dynamixel_sdk_custom_interfaces
