[01m[K/home/lemmy/robotis_ws/src/DynamixelSDK/dynamixel_sdk_examples/src/read_write_node.cpp:[m[K In lambda function:
[01m[K/home/lemmy/robotis_ws/src/DynamixelSDK/dynamixel_sdk_examples/src/read_write_node.cpp:127:40:[m[K [01;31m[Kerror: [m[Kno match for ‘[01m[Koperator=[m[K’ (operand types are ‘[01m[Kdynamixel_sdk_custom_interfaces::srv::GetVelocity_Response_<std::allocator<void> >::_velocities_type[m[K’ {aka ‘[01m[Kstd::vector<int, std::allocator<int> >[m[K’} and ‘[01m[Kint[m[K’)
  127 |                 response->velocities = [01;31m[Kpresent_velocity[m[K;
      |                                        [01;31m[K^~~~~~~~~~~~~~~~[m[K
In file included from [01m[K/usr/include/c++/11/vector:72[m[K,
                 from [01m[K/home/lemmy/robotis_ws/install/dynamixel_sdk/include/dynamixel_sdk/group_bulk_read.h:27[m[K,
                 from [01m[K/home/lemmy/robotis_ws/install/dynamixel_sdk/include/dynamixel_sdk/dynamixel_sdk.h:26[m[K,
                 from [01m[K/home/lemmy/robotis_ws/src/DynamixelSDK/dynamixel_sdk_examples/src/read_write_node.cpp:5[m[K:
[01m[K/usr/include/c++/11/bits/vector.tcc:198:5:[m[K [01;36m[Knote: [m[Kcandidate: ‘[01m[Kstd::vector<_Tp, _Alloc>& std::vector<_Tp, _Alloc>::operator=(const std::vector<_Tp, _Alloc>&) [with _Tp = int; _Alloc = std::allocator<int>][m[K’
  198 |     [01;36m[Kvector<_Tp, _Alloc>[m[K::
      |     [01;36m[K^~~~~~~~~~~~~~~~~~~[m[K
[01m[K/usr/include/c++/11/bits/vector.tcc:199:42:[m[K [01;36m[Knote: [m[K  no known conversion for argument 1 from ‘[01m[Kint[m[K’ to ‘[01m[Kconst std::vector<int, std::allocator<int> >&[m[K’
  199 |     operator=([01;36m[Kconst vector<_Tp, _Alloc>& __x[m[K)
      |               [01;36m[K~~~~~~~~~~~~~~~~~~~~~~~~~~~^~~[m[K
In file included from [01m[K/usr/include/c++/11/vector:67[m[K,
                 from [01m[K/home/lemmy/robotis_ws/install/dynamixel_sdk/include/dynamixel_sdk/group_bulk_read.h:27[m[K,
                 from [01m[K/home/lemmy/robotis_ws/install/dynamixel_sdk/include/dynamixel_sdk/dynamixel_sdk.h:26[m[K,
                 from [01m[K/home/lemmy/robotis_ws/src/DynamixelSDK/dynamixel_sdk_examples/src/read_write_node.cpp:5[m[K:
[01m[K/usr/include/c++/11/bits/stl_vector.h:709:7:[m[K [01;36m[Knote: [m[Kcandidate: ‘[01m[Kstd::vector<_Tp, _Alloc>& std::vector<_Tp, _Alloc>::operator=(std::vector<_Tp, _Alloc>&&) [with _Tp = int; _Alloc = std::allocator<int>][m[K’
  709 |       [01;36m[Koperator[m[K=(vector&& __x) noexcept(_Alloc_traits::_S_nothrow_move())
      |       [01;36m[K^~~~~~~~[m[K
[01m[K/usr/include/c++/11/bits/stl_vector.h:709:26:[m[K [01;36m[Knote: [m[K  no known conversion for argument 1 from ‘[01m[Kint[m[K’ to ‘[01m[Kstd::vector<int, std::allocator<int> >&&[m[K’
  709 |       operator=([01;36m[Kvector&& __x[m[K) noexcept(_Alloc_traits::_S_nothrow_move())
      |                 [01;36m[K~~~~~~~~~^~~[m[K
[01m[K/usr/include/c++/11/bits/stl_vector.h:730:7:[m[K [01;36m[Knote: [m[Kcandidate: ‘[01m[Kstd::vector<_Tp, _Alloc>& std::vector<_Tp, _Alloc>::operator=(std::initializer_list<_Tp>) [with _Tp = int; _Alloc = std::allocator<int>][m[K’
  730 |       [01;36m[Koperator[m[K=(initializer_list<value_type> __l)
      |       [01;36m[K^~~~~~~~[m[K
[01m[K/usr/include/c++/11/bits/stl_vector.h:730:46:[m[K [01;36m[Knote: [m[K  no known conversion for argument 1 from ‘[01m[Kint[m[K’ to ‘[01m[Kstd::initializer_list<int>[m[K’
  730 |       operator=([01;36m[Kinitializer_list<value_type> __l[m[K)
      |                 [01;36m[K~~~~~~~~~~~~~~~~~~~~~~~~~~~~~^~~[m[K
gmake[2]: *** [CMakeFiles/read_write_node.dir/build.make:76: CMakeFiles/read_write_node.dir/src/read_write_node.cpp.o] Error 1
gmake[1]: *** [CMakeFiles/Makefile2:137: CMakeFiles/read_write_node.dir/all] Error 2
gmake: *** [Makefile:146: all] Error 2
