[0.133s] Invoking command in '/home/lemmy/robotis_ws/build/dynamixel_sdk_examples': CMAKE_PREFIX_PATH=/home/lemmy/robotis_ws/install/dynamixel_sdk_custom_interfaces:/home/lemmy/robotis_ws/install/dynamixel_sdk:/home/lemmy/Github/Mobile_robot/dynamixel_motors_controller/install/dynamixel_motors_controller:/home/lemmy/robotis_ws/install/dynamixel_sdk_examples:/home/lemmy/ros2_ws/install/pantilt_bot_description:/home/lemmy/ros2_ws/install/open_manipulator_x_description:/home/lemmy/ros2_ws/install/dynamixel_hardware:/home/lemmy/ros2_ws/install/my_robot_controller:/opt/ros/humble /usr/bin/cmake --build /home/lemmy/robotis_ws/build/dynamixel_sdk_examples -- -j4 -l4
[0.449s] [35m[1mConsolidate compiler generated dependencies of target read_write_node[0m
[0.571s] [ 50%] [32mBuilding CXX object CMakeFiles/read_write_node.dir/src/read_write_node.cpp.o[0m
[18.394s] [01m[K/home/lemmy/robotis_ws/src/DynamixelSDK/dynamixel_sdk_examples/src/read_write_node.cpp:[m[K In lambda function:
[18.394s] [01m[K/home/lemmy/robotis_ws/src/DynamixelSDK/dynamixel_sdk_examples/src/read_write_node.cpp:127:40:[m[K [01;31m[Kerror: [m[Kno match for ‘[01m[Koperator=[m[K’ (operand types are ‘[01m[Kdynamixel_sdk_custom_interfaces::srv::GetVelocity_Response_<std::allocator<void> >::_velocities_type[m[K’ {aka ‘[01m[Kstd::vector<int, std::allocator<int> >[m[K’} and ‘[01m[Kint[m[K’)
[18.395s]   127 |                 response->velocities = [01;31m[Kpresent_velocity[m[K;
[18.396s]       |                                        [01;31m[K^~~~~~~~~~~~~~~~[m[K
[18.397s] In file included from [01m[K/usr/include/c++/11/vector:72[m[K,
[18.398s]                  from [01m[K/home/lemmy/robotis_ws/install/dynamixel_sdk/include/dynamixel_sdk/group_bulk_read.h:27[m[K,
[18.399s]                  from [01m[K/home/lemmy/robotis_ws/install/dynamixel_sdk/include/dynamixel_sdk/dynamixel_sdk.h:26[m[K,
[18.399s]                  from [01m[K/home/lemmy/robotis_ws/src/DynamixelSDK/dynamixel_sdk_examples/src/read_write_node.cpp:5[m[K:
[18.400s] [01m[K/usr/include/c++/11/bits/vector.tcc:198:5:[m[K [01;36m[Knote: [m[Kcandidate: ‘[01m[Kstd::vector<_Tp, _Alloc>& std::vector<_Tp, _Alloc>::operator=(const std::vector<_Tp, _Alloc>&) [with _Tp = int; _Alloc = std::allocator<int>][m[K’
[18.402s]   198 |     [01;36m[Kvector<_Tp, _Alloc>[m[K::
[18.403s]       |     [01;36m[K^~~~~~~~~~~~~~~~~~~[m[K
[18.404s] [01m[K/usr/include/c++/11/bits/vector.tcc:199:42:[m[K [01;36m[Knote: [m[K  no known conversion for argument 1 from ‘[01m[Kint[m[K’ to ‘[01m[Kconst std::vector<int, std::allocator<int> >&[m[K’
[18.404s]   199 |     operator=([01;36m[Kconst vector<_Tp, _Alloc>& __x[m[K)
[18.405s]       |               [01;36m[K~~~~~~~~~~~~~~~~~~~~~~~~~~~^~~[m[K
[18.405s] In file included from [01m[K/usr/include/c++/11/vector:67[m[K,
[18.406s]                  from [01m[K/home/lemmy/robotis_ws/install/dynamixel_sdk/include/dynamixel_sdk/group_bulk_read.h:27[m[K,
[18.407s]                  from [01m[K/home/lemmy/robotis_ws/install/dynamixel_sdk/include/dynamixel_sdk/dynamixel_sdk.h:26[m[K,
[18.407s]                  from [01m[K/home/lemmy/robotis_ws/src/DynamixelSDK/dynamixel_sdk_examples/src/read_write_node.cpp:5[m[K:
[18.408s] [01m[K/usr/include/c++/11/bits/stl_vector.h:709:7:[m[K [01;36m[Knote: [m[Kcandidate: ‘[01m[Kstd::vector<_Tp, _Alloc>& std::vector<_Tp, _Alloc>::operator=(std::vector<_Tp, _Alloc>&&) [with _Tp = int; _Alloc = std::allocator<int>][m[K’
[18.409s]   709 |       [01;36m[Koperator[m[K=(vector&& __x) noexcept(_Alloc_traits::_S_nothrow_move())
[18.409s]       |       [01;36m[K^~~~~~~~[m[K
[18.410s] [01m[K/usr/include/c++/11/bits/stl_vector.h:709:26:[m[K [01;36m[Knote: [m[K  no known conversion for argument 1 from ‘[01m[Kint[m[K’ to ‘[01m[Kstd::vector<int, std::allocator<int> >&&[m[K’
[18.410s]   709 |       operator=([01;36m[Kvector&& __x[m[K) noexcept(_Alloc_traits::_S_nothrow_move())
[18.411s]       |                 [01;36m[K~~~~~~~~~^~~[m[K
[18.412s] [01m[K/usr/include/c++/11/bits/stl_vector.h:730:7:[m[K [01;36m[Knote: [m[Kcandidate: ‘[01m[Kstd::vector<_Tp, _Alloc>& std::vector<_Tp, _Alloc>::operator=(std::initializer_list<_Tp>) [with _Tp = int; _Alloc = std::allocator<int>][m[K’
[18.412s]   730 |       [01;36m[Koperator[m[K=(initializer_list<value_type> __l)
[18.413s]       |       [01;36m[K^~~~~~~~[m[K
[18.414s] [01m[K/usr/include/c++/11/bits/stl_vector.h:730:46:[m[K [01;36m[Knote: [m[K  no known conversion for argument 1 from ‘[01m[Kint[m[K’ to ‘[01m[Kstd::initializer_list<int>[m[K’
[18.415s]   730 |       operator=([01;36m[Kinitializer_list<value_type> __l[m[K)
[18.415s]       |                 [01;36m[K~~~~~~~~~~~~~~~~~~~~~~~~~~~~~^~~[m[K
[36.323s] gmake[2]: *** [CMakeFiles/read_write_node.dir/build.make:76: CMakeFiles/read_write_node.dir/src/read_write_node.cpp.o] Error 1
[36.327s] gmake[1]: *** [CMakeFiles/Makefile2:137: CMakeFiles/read_write_node.dir/all] Error 2
[36.327s] gmake: *** [Makefile:146: all] Error 2
[36.339s] Invoked command in '/home/lemmy/robotis_ws/build/dynamixel_sdk_examples' returned '2': CMAKE_PREFIX_PATH=/home/lemmy/robotis_ws/install/dynamixel_sdk_custom_interfaces:/home/lemmy/robotis_ws/install/dynamixel_sdk:/home/lemmy/Github/Mobile_robot/dynamixel_motors_controller/install/dynamixel_motors_controller:/home/lemmy/robotis_ws/install/dynamixel_sdk_examples:/home/lemmy/ros2_ws/install/pantilt_bot_description:/home/lemmy/ros2_ws/install/open_manipulator_x_description:/home/lemmy/ros2_ws/install/dynamixel_hardware:/home/lemmy/ros2_ws/install/my_robot_controller:/opt/ros/humble /usr/bin/cmake --build /home/lemmy/robotis_ws/build/dynamixel_sdk_examples -- -j4 -l4
